Performing C++ SOURCE FILE Test HAVE_FLAG__ffile_prefix_map__home_deyan_Desktop_Minimal_Subsequential_Transducer_build__deps_catch2_src__ failed with the following output:
Change Dir: /home/deyan/Desktop/Minimal Subsequential Transducer/build/CMakeFiles/CMakeTmp

Run Build Command(s):/usr/bin/gmake -f Makefile cmTC_3aa72/fast && /usr/bin/gmake  -f CMakeFiles/cmTC_3aa72.dir/build.make CMakeFiles/cmTC_3aa72.dir/build
gmake[1]: Entering directory '/home/deyan/Desktop/Minimal Subsequential Transducer/build/CMakeFiles/CMakeTmp'
Building CXX object CMakeFiles/cmTC_3aa72.dir/src.cxx.o
/usr/bin/c++ -DHAVE_FLAG__ffile_prefix_map__home_deyan_Desktop_Minimal_Subsequential_Transducer_build__deps_catch2_src__  -ffile-prefix-map=/home/deyan/Desktop/Minimal Subsequential Transducer/build/_deps/catch2-src/= -std=gnu++17 -o CMakeFiles/cmTC_3aa72.dir/src.cxx.o -c "/home/deyan/Desktop/Minimal Subsequential Transducer/build/CMakeFiles/CMakeTmp/src.cxx"
cc1plus: error: invalid argument '/home/deyan/Desktop/Minimal' to '-ffile-prefix-map'
cc1plus: error: invalid argument '/home/deyan/Desktop/Minimal' to '-ffile-prefix-map'
gmake[1]: *** [CMakeFiles/cmTC_3aa72.dir/build.make:78: CMakeFiles/cmTC_3aa72.dir/src.cxx.o] Error 1
gmake[1]: Leaving directory '/home/deyan/Desktop/Minimal Subsequential Transducer/build/CMakeFiles/CMakeTmp'
gmake: *** [Makefile:127: cmTC_3aa72/fast] Error 2


Source file was:
int main() { return 0; }
